<?xml version="1.0" encoding="UTF-8"?>
<testsuite name="Regression Test"
           tests="7"
           failures="0"
           errors="0"
           skipped="0"
           time="233.311">
  <properties />
  
  
            <testcase name="verifyJobSearchResultUsingDifferentDataSet" time="32.658" classname="uk.co.library.testsuite.JobSearchTest" />
                <testcase name="verifyJobSearchResultUsingDifferentDataSet" time="31.750" classname="uk.co.library.testsuite.JobSearchTest" />
                <testcase name="verifyJobSearchResultUsingDifferentDataSet" time="32.363" classname="uk.co.library.testsuite.JobSearchTest" />
                <testcase name="verifyJobSearchResultUsingDifferentDataSet" time="35.637" classname="uk.co.library.testsuite.JobSearchTest" />
                <testcase name="verifyJobSearchResultUsingDifferentDataSet" time="31.695" classname="uk.co.library.testsuite.JobSearchTest" />
                <testcase name="verifyJobSearchResultUsingDifferentDataSet" time="34.325" classname="uk.co.library.testsuite.JobSearchTest" />
                <testcase name="verifyJobSearchResultUsingDifferentDataSet" time="34.883" classname="uk.co.library.testsuite.JobSearchTest" />
      
</testsuite>
